2026-04-21 03:28:07,148 INFO Bot started. Waiting for messages…
2026-04-21 03:28:09,171 INFO HTTP Request: POST https://api.telegram.org/bot8361106179:AAFFDpQ64Sr8Yiu-ueGXzBPk2jZo36w5g6k/getMe "HTTP/1.1 200 OK"
2026-04-21 03:28:09,303 INFO HTTP Request: POST https://api.telegram.org/bot8361106179:AAFFDpQ64Sr8Yiu-ueGXzBPk2jZo36w5g6k/deleteWebhook "HTTP/1.1 200 OK"
2026-04-21 03:28:09,305 INFO Application started
2026-04-21 03:28:19,707 INFO HTTP Request: POST https://api.telegram.org/bot8361106179:AAFFDpQ64Sr8Yiu-ueGXzBPk2jZo36w5g6k/getUpdates "HTTP/1.1 200 OK"
2026-04-21 03:28:29,831 INFO HTTP Request: POST https://api.telegram.org/bot8361106179:AAFFDpQ64Sr8Yiu-ueGXzBPk2jZo36w5g6k/getUpdates "HTTP/1.1 200 OK"
2026-04-21 03:28:40,062 INFO HTTP Request: POST https://api.telegram.org/bot8361106179:AAFFDpQ64Sr8Yiu-ueGXzBPk2jZo36w5g6k/getUpdates "HTTP/1.1 200 OK"
2026-04-21 03:28:50,195 INFO HTTP Request: POST https://api.telegram.org/bot8361106179:AAFFDpQ64Sr8Yiu-ueGXzBPk2jZo36w5g6k/getUpdates "HTTP/1.1 200 OK"
2026-04-21 03:29:00,327 INFO HTTP Request: POST https://api.telegram.org/bot8361106179:AAFFDpQ64Sr8Yiu-ueGXzBPk2jZo36w5g6k/getUpdates "HTTP/1.1 200 OK"
2026-04-21 03:29:10,475 INFO HTTP Request: POST https://api.telegram.org/bot8361106179:AAFFDpQ64Sr8Yiu-ueGXzBPk2jZo36w5g6k/getUpdates "HTTP/1.1 200 OK"
2026-04-21 03:29:20,605 INFO HTTP Request: POST https://api.telegram.org/bot8361106179:AAFFDpQ64Sr8Yiu-ueGXzBPk2jZo36w5g6k/getUpdates "HTTP/1.1 200 OK"
2026-04-21 03:29:30,748 INFO HTTP Request: POST https://api.telegram.org/bot8361106179:AAFFDpQ64Sr8Yiu-ueGXzBPk2jZo36w5g6k/getUpdates "HTTP/1.1 200 OK"
2026-04-21 03:29:35,997 INFO HTTP Request: POST https://api.telegram.org/bot8361106179:AAFFDpQ64Sr8Yiu-ueGXzBPk2jZo36w5g6k/getUpdates "HTTP/1.1 200 OK"
2026-04-21 03:29:36,572 INFO HTTP Request: POST https://api.telegram.org/bot8361106179:AAFFDpQ64Sr8Yiu-ueGXzBPk2jZo36w5g6k/sendMessage "HTTP/1.1 200 OK"
2026-04-21 03:29:41,260 INFO HTTP Request: POST https://api.telegram.org/bot8361106179:AAFFDpQ64Sr8Yiu-ueGXzBPk2jZo36w5g6k/getUpdates "HTTP/1.1 200 OK"
2026-04-21 03:29:41,519 INFO HTTP Request: POST https://api.telegram.org/bot8361106179:AAFFDpQ64Sr8Yiu-ueGXzBPk2jZo36w5g6k/sendMessage "HTTP/1.1 200 OK"
2026-04-21 03:29:51,433 INFO HTTP Request: POST https://api.telegram.org/bot8361106179:AAFFDpQ64Sr8Yiu-ueGXzBPk2jZo36w5g6k/getUpdates "HTTP/1.1 200 OK"
2026-04-21 03:30:01,567 INFO HTTP Request: POST https://api.telegram.org/bot8361106179:AAFFDpQ64Sr8Yiu-ueGXzBPk2jZo36w5g6k/getUpdates "HTTP/1.1 200 OK"
2026-04-21 03:30:11,697 INFO HTTP Request: POST https://api.telegram.org/bot8361106179:AAFFDpQ64Sr8Yiu-ueGXzBPk2jZo36w5g6k/getUpdates "HTTP/1.1 200 OK"
2026-04-21 03:30:21,846 INFO HTTP Request: POST https://api.telegram.org/bot8361106179:AAFFDpQ64Sr8Yiu-ueGXzBPk2jZo36w5g6k/getUpdates "HTTP/1.1 200 OK"
2026-04-21 03:30:32,086 INFO HTTP Request: POST https://api.telegram.org/bot8361106179:AAFFDpQ64Sr8Yiu-ueGXzBPk2jZo36w5g6k/getUpdates "HTTP/1.1 200 OK"
2026-04-21 03:30:36,568 INFO HTTP Request: POST https://api.telegram.org/bot8361106179:AAFFDpQ64Sr8Yiu-ueGXzBPk2jZo36w5g6k/getUpdates "HTTP/1.1 200 OK"
2026-04-21 03:30:37,107 INFO HTTP Request: POST https://api.telegram.org/bot8361106179:AAFFDpQ64Sr8Yiu-ueGXzBPk2jZo36w5g6k/sendMessage "HTTP/1.1 200 OK"
2026-04-21 03:30:46,703 INFO HTTP Request: POST https://api.telegram.org/bot8361106179:AAFFDpQ64Sr8Yiu-ueGXzBPk2jZo36w5g6k/getUpdates "HTTP/1.1 200 OK"
2026-04-21 03:30:56,836 INFO HTTP Request: POST https://api.telegram.org/bot8361106179:AAFFDpQ64Sr8Yiu-ueGXzBPk2jZo36w5g6k/getUpdates "HTTP/1.1 200 OK"
2026-04-21 03:31:07,004 INFO HTTP Request: POST https://api.telegram.org/bot8361106179:AAFFDpQ64Sr8Yiu-ueGXzBPk2jZo36w5g6k/getUpdates "HTTP/1.1 200 OK"
2026-04-21 03:31:17,143 INFO HTTP Request: POST https://api.telegram.org/bot8361106179:AAFFDpQ64Sr8Yiu-ueGXzBPk2jZo36w5g6k/getUpdates "HTTP/1.1 200 OK"
2026-04-21 03:31:27,382 INFO HTTP Request: POST https://api.telegram.org/bot8361106179:AAFFDpQ64Sr8Yiu-ueGXzBPk2jZo36w5g6k/getUpdates "HTTP/1.1 200 OK"
2026-04-21 03:31:37,621 INFO HTTP Request: POST https://api.telegram.org/bot8361106179:AAFFDpQ64Sr8Yiu-ueGXzBPk2jZo36w5g6k/getUpdates "HTTP/1.1 200 OK"
2026-04-21 03:31:47,862 INFO HTTP Request: POST https://api.telegram.org/bot8361106179:AAFFDpQ64Sr8Yiu-ueGXzBPk2jZo36w5g6k/getUpdates "HTTP/1.1 200 OK"
2026-04-21 03:31:57,990 INFO HTTP Request: POST https://api.telegram.org/bot8361106179:AAFFDpQ64Sr8Yiu-ueGXzBPk2jZo36w5g6k/getUpdates "HTTP/1.1 200 OK"
2026-04-21 03:32:08,129 INFO HTTP Request: POST https://api.telegram.org/bot8361106179:AAFFDpQ64Sr8Yiu-ueGXzBPk2jZo36w5g6k/getUpdates "HTTP/1.1 200 OK"
2026-04-21 03:32:18,307 INFO HTTP Request: POST https://api.telegram.org/bot8361106179:AAFFDpQ64Sr8Yiu-ueGXzBPk2jZo36w5g6k/getUpdates "HTTP/1.1 200 OK"
2026-04-21 03:32:28,448 INFO HTTP Request: POST https://api.telegram.org/bot8361106179:AAFFDpQ64Sr8Yiu-ueGXzBPk2jZo36w5g6k/getUpdates "HTTP/1.1 200 OK"
2026-04-21 03:32:38,580 INFO HTTP Request: POST https://api.telegram.org/bot8361106179:AAFFDpQ64Sr8Yiu-ueGXzBPk2jZo36w5g6k/getUpdates "HTTP/1.1 200 OK"
2026-04-21 03:32:48,708 INFO HTTP Request: POST https://api.telegram.org/bot8361106179:AAFFDpQ64Sr8Yiu-ueGXzBPk2jZo36w5g6k/getUpdates "HTTP/1.1 200 OK"
2026-04-21 03:32:58,843 INFO HTTP Request: POST https://api.telegram.org/bot8361106179:AAFFDpQ64Sr8Yiu-ueGXzBPk2jZo36w5g6k/getUpdates "HTTP/1.1 200 OK"
2026-04-21 03:33:08,989 INFO HTTP Request: POST https://api.telegram.org/bot8361106179:AAFFDpQ64Sr8Yiu-ueGXzBPk2jZo36w5g6k/getUpdates "HTTP/1.1 200 OK"
2026-04-21 03:33:19,113 INFO HTTP Request: POST https://api.telegram.org/bot8361106179:AAFFDpQ64Sr8Yiu-ueGXzBPk2jZo36w5g6k/getUpdates "HTTP/1.1 200 OK"
2026-04-21 03:33:29,243 INFO HTTP Request: POST https://api.telegram.org/bot8361106179:AAFFDpQ64Sr8Yiu-ueGXzBPk2jZo36w5g6k/getUpdates "HTTP/1.1 200 OK"
2026-04-21 03:33:39,380 INFO HTTP Request: POST https://api.telegram.org/bot8361106179:AAFFDpQ64Sr8Yiu-ueGXzBPk2jZo36w5g6k/getUpdates "HTTP/1.1 200 OK"
2026-04-21 03:33:49,506 INFO HTTP Request: POST https://api.telegram.org/bot8361106179:AAFFDpQ64Sr8Yiu-ueGXzBPk2jZo36w5g6k/getUpdates "HTTP/1.1 200 OK"
2026-04-21 03:33:59,877 INFO HTTP Request: POST https://api.telegram.org/bot8361106179:AAFFDpQ64Sr8Yiu-ueGXzBPk2jZo36w5g6k/getUpdates "HTTP/1.1 200 OK"
2026-04-21 03:34:10,012 INFO HTTP Request: POST https://api.telegram.org/bot8361106179:AAFFDpQ64Sr8Yiu-ueGXzBPk2jZo36w5g6k/getUpdates "HTTP/1.1 200 OK"
2026-04-21 03:34:20,148 INFO HTTP Request: POST https://api.telegram.org/bot8361106179:AAFFDpQ64Sr8Yiu-ueGXzBPk2jZo36w5g6k/getUpdates "HTTP/1.1 200 OK"
2026-04-21 03:34:30,286 INFO HTTP Request: POST https://api.telegram.org/bot8361106179:AAFFDpQ64Sr8Yiu-ueGXzBPk2jZo36w5g6k/getUpdates "HTTP/1.1 200 OK"
2026-04-21 03:34:40,510 INFO HTTP Request: POST https://api.telegram.org/bot8361106179:AAFFDpQ64Sr8Yiu-ueGXzBPk2jZo36w5g6k/getUpdates "HTTP/1.1 200 OK"
2026-04-21 03:34:50,705 INFO HTTP Request: POST https://api.telegram.org/bot8361106179:AAFFDpQ64Sr8Yiu-ueGXzBPk2jZo36w5g6k/getUpdates "HTTP/1.1 200 OK"
2026-04-21 03:35:00,834 INFO HTTP Request: POST https://api.telegram.org/bot8361106179:AAFFDpQ64Sr8Yiu-ueGXzBPk2jZo36w5g6k/getUpdates "HTTP/1.1 200 OK"
2026-04-21 03:35:11,024 INFO HTTP Request: POST https://api.telegram.org/bot8361106179:AAFFDpQ64Sr8Yiu-ueGXzBPk2jZo36w5g6k/getUpdates "HTTP/1.1 200 OK"
2026-04-21 03:35:21,264 INFO HTTP Request: POST https://api.telegram.org/bot8361106179:AAFFDpQ64Sr8Yiu-ueGXzBPk2jZo36w5g6k/getUpdates "HTTP/1.1 200 OK"
2026-04-21 03:35:31,393 INFO HTTP Request: POST https://api.telegram.org/bot8361106179:AAFFDpQ64Sr8Yiu-ueGXzBPk2jZo36w5g6k/getUpdates "HTTP/1.1 200 OK"
2026-04-21 03:35:41,524 INFO HTTP Request: POST https://api.telegram.org/bot8361106179:AAFFDpQ64Sr8Yiu-ueGXzBPk2jZo36w5g6k/getUpdates "HTTP/1.1 200 OK"
2026-04-21 03:35:51,677 INFO HTTP Request: POST https://api.telegram.org/bot8361106179:AAFFDpQ64Sr8Yiu-ueGXzBPk2jZo36w5g6k/getUpdates "HTTP/1.1 200 OK"
2026-04-21 03:36:01,917 INFO HTTP Request: POST https://api.telegram.org/bot8361106179:AAFFDpQ64Sr8Yiu-ueGXzBPk2jZo36w5g6k/getUpdates "HTTP/1.1 200 OK"
2026-04-21 03:36:12,161 INFO HTTP Request: POST https://api.telegram.org/bot8361106179:AAFFDpQ64Sr8Yiu-ueGXzBPk2jZo36w5g6k/getUpdates "HTTP/1.1 200 OK"
2026-04-21 03:36:22,303 INFO HTTP Request: POST https://api.telegram.org/bot8361106179:AAFFDpQ64Sr8Yiu-ueGXzBPk2jZo36w5g6k/getUpdates "HTTP/1.1 200 OK"
2026-04-21 03:36:32,432 INFO HTTP Request: POST https://api.telegram.org/bot8361106179:AAFFDpQ64Sr8Yiu-ueGXzBPk2jZo36w5g6k/getUpdates "HTTP/1.1 200 OK"
2026-04-21 03:36:42,674 INFO HTTP Request: POST https://api.telegram.org/bot8361106179:AAFFDpQ64Sr8Yiu-ueGXzBPk2jZo36w5g6k/getUpdates "HTTP/1.1 200 OK"
2026-04-21 03:36:52,813 INFO HTTP Request: POST https://api.telegram.org/bot8361106179:AAFFDpQ64Sr8Yiu-ueGXzBPk2jZo36w5g6k/getUpdates "HTTP/1.1 200 OK"
2026-04-21 03:37:02,940 INFO HTTP Request: POST https://api.telegram.org/bot8361106179:AAFFDpQ64Sr8Yiu-ueGXzBPk2jZo36w5g6k/getUpdates "HTTP/1.1 200 OK"
2026-04-21 03:37:13,088 INFO HTTP Request: POST https://api.telegram.org/bot8361106179:AAFFDpQ64Sr8Yiu-ueGXzBPk2jZo36w5g6k/getUpdates "HTTP/1.1 200 OK"
2026-04-21 03:37:23,233 INFO HTTP Request: POST https://api.telegram.org/bot8361106179:AAFFDpQ64Sr8Yiu-ueGXzBPk2jZo36w5g6k/getUpdates "HTTP/1.1 200 OK"
2026-04-21 03:37:33,367 INFO HTTP Request: POST https://api.telegram.org/bot8361106179:AAFFDpQ64Sr8Yiu-ueGXzBPk2jZo36w5g6k/getUpdates "HTTP/1.1 200 OK"
2026-04-21 03:37:43,518 INFO HTTP Request: POST https://api.telegram.org/bot8361106179:AAFFDpQ64Sr8Yiu-ueGXzBPk2jZo36w5g6k/getUpdates "HTTP/1.1 200 OK"
2026-04-21 03:37:53,726 INFO HTTP Request: POST https://api.telegram.org/bot8361106179:AAFFDpQ64Sr8Yiu-ueGXzBPk2jZo36w5g6k/getUpdates "HTTP/1.1 200 OK"
2026-04-21 03:38:03,979 INFO HTTP Request: POST https://api.telegram.org/bot8361106179:AAFFDpQ64Sr8Yiu-ueGXzBPk2jZo36w5g6k/getUpdates "HTTP/1.1 200 OK"
2026-04-21 03:38:14,113 INFO HTTP Request: POST https://api.telegram.org/bot8361106179:AAFFDpQ64Sr8Yiu-ueGXzBPk2jZo36w5g6k/getUpdates "HTTP/1.1 200 OK"
2026-04-21 03:38:24,258 INFO HTTP Request: POST https://api.telegram.org/bot8361106179:AAFFDpQ64Sr8Yiu-ueGXzBPk2jZo36w5g6k/getUpdates "HTTP/1.1 200 OK"
2026-04-21 03:38:34,389 INFO HTTP Request: POST https://api.telegram.org/bot8361106179:AAFFDpQ64Sr8Yiu-ueGXzBPk2jZo36w5g6k/getUpdates "HTTP/1.1 200 OK"
2026-04-21 03:38:44,515 INFO HTTP Request: POST https://api.telegram.org/bot8361106179:AAFFDpQ64Sr8Yiu-ueGXzBPk2jZo36w5g6k/getUpdates "HTTP/1.1 200 OK"
2026-04-21 03:38:54,659 INFO HTTP Request: POST https://api.telegram.org/bot8361106179:AAFFDpQ64Sr8Yiu-ueGXzBPk2jZo36w5g6k/getUpdates "HTTP/1.1 200 OK"
2026-04-21 03:39:04,789 INFO HTTP Request: POST https://api.telegram.org/bot8361106179:AAFFDpQ64Sr8Yiu-ueGXzBPk2jZo36w5g6k/getUpdates "HTTP/1.1 200 OK"
2026-04-21 03:39:14,943 INFO HTTP Request: POST https://api.telegram.org/bot8361106179:AAFFDpQ64Sr8Yiu-ueGXzBPk2jZo36w5g6k/getUpdates "HTTP/1.1 200 OK"
2026-04-21 03:39:25,075 INFO HTTP Request: POST https://api.telegram.org/bot8361106179:AAFFDpQ64Sr8Yiu-ueGXzBPk2jZo36w5g6k/getUpdates "HTTP/1.1 200 OK"
2026-04-21 03:39:35,216 INFO HTTP Request: POST https://api.telegram.org/bot8361106179:AAFFDpQ64Sr8Yiu-ueGXzBPk2jZo36w5g6k/getUpdates "HTTP/1.1 200 OK"
2026-04-21 03:39:45,346 INFO HTTP Request: POST https://api.telegram.org/bot8361106179:AAFFDpQ64Sr8Yiu-ueGXzBPk2jZo36w5g6k/getUpdates "HTTP/1.1 200 OK"
2026-04-21 03:39:55,476 INFO HTTP Request: POST https://api.telegram.org/bot8361106179:AAFFDpQ64Sr8Yiu-ueGXzBPk2jZo36w5g6k/getUpdates "HTTP/1.1 200 OK"
2026-04-21 03:40:05,605 INFO HTTP Request: POST https://api.telegram.org/bot8361106179:AAFFDpQ64Sr8Yiu-ueGXzBPk2jZo36w5g6k/getUpdates "HTTP/1.1 200 OK"
2026-04-21 03:40:15,767 INFO HTTP Request: POST https://api.telegram.org/bot8361106179:AAFFDpQ64Sr8Yiu-ueGXzBPk2jZo36w5g6k/getUpdates "HTTP/1.1 200 OK"
2026-04-21 03:40:25,958 INFO HTTP Request: POST https://api.telegram.org/bot8361106179:AAFFDpQ64Sr8Yiu-ueGXzBPk2jZo36w5g6k/getUpdates "HTTP/1.1 200 OK"
2026-04-21 03:40:36,116 INFO HTTP Request: POST https://api.telegram.org/bot8361106179:AAFFDpQ64Sr8Yiu-ueGXzBPk2jZo36w5g6k/getUpdates "HTTP/1.1 200 OK"
2026-04-21 03:40:46,350 INFO HTTP Request: POST https://api.telegram.org/bot8361106179:AAFFDpQ64Sr8Yiu-ueGXzBPk2jZo36w5g6k/getUpdates "HTTP/1.1 200 OK"
2026-04-21 03:40:57,095 INFO HTTP Request: POST https://api.telegram.org/bot8361106179:AAFFDpQ64Sr8Yiu-ueGXzBPk2jZo36w5g6k/getUpdates "HTTP/1.1 200 OK"
2026-04-21 03:41:07,231 INFO HTTP Request: POST https://api.telegram.org/bot8361106179:AAFFDpQ64Sr8Yiu-ueGXzBPk2jZo36w5g6k/getUpdates "HTTP/1.1 200 OK"
2026-04-21 03:41:17,368 INFO HTTP Request: POST https://api.telegram.org/bot8361106179:AAFFDpQ64Sr8Yiu-ueGXzBPk2jZo36w5g6k/getUpdates "HTTP/1.1 200 OK"
2026-04-21 03:41:27,658 INFO HTTP Request: POST https://api.telegram.org/bot8361106179:AAFFDpQ64Sr8Yiu-ueGXzBPk2jZo36w5g6k/getUpdates "HTTP/1.1 200 OK"
2026-04-21 03:41:37,789 INFO HTTP Request: POST https://api.telegram.org/bot8361106179:AAFFDpQ64Sr8Yiu-ueGXzBPk2jZo36w5g6k/getUpdates "HTTP/1.1 200 OK"
2026-04-21 03:41:48,030 INFO HTTP Request: POST https://api.telegram.org/bot8361106179:AAFFDpQ64Sr8Yiu-ueGXzBPk2jZo36w5g6k/getUpdates "HTTP/1.1 200 OK"
2026-04-21 03:41:58,159 INFO HTTP Request: POST https://api.telegram.org/bot8361106179:AAFFDpQ64Sr8Yiu-ueGXzBPk2jZo36w5g6k/getUpdates "HTTP/1.1 200 OK"
2026-04-21 03:42:08,290 INFO HTTP Request: POST https://api.telegram.org/bot8361106179:AAFFDpQ64Sr8Yiu-ueGXzBPk2jZo36w5g6k/getUpdates "HTTP/1.1 200 OK"
2026-04-21 03:42:18,432 INFO HTTP Request: POST https://api.telegram.org/bot8361106179:AAFFDpQ64Sr8Yiu-ueGXzBPk2jZo36w5g6k/getUpdates "HTTP/1.1 200 OK"
2026-04-21 03:42:28,682 INFO HTTP Request: POST https://api.telegram.org/bot8361106179:AAFFDpQ64Sr8Yiu-ueGXzBPk2jZo36w5g6k/getUpdates "HTTP/1.1 200 OK"
2026-04-21 03:42:38,811 INFO HTTP Request: POST https://api.telegram.org/bot8361106179:AAFFDpQ64Sr8Yiu-ueGXzBPk2jZo36w5g6k/getUpdates "HTTP/1.1 200 OK"
2026-04-21 03:42:48,957 INFO HTTP Request: POST https://api.telegram.org/bot8361106179:AAFFDpQ64Sr8Yiu-ueGXzBPk2jZo36w5g6k/getUpdates "HTTP/1.1 200 OK"
2026-04-21 03:42:59,108 INFO HTTP Request: POST https://api.telegram.org/bot8361106179:AAFFDpQ64Sr8Yiu-ueGXzBPk2jZo36w5g6k/getUpdates "HTTP/1.1 200 OK"
2026-04-21 03:43:09,240 INFO HTTP Request: POST https://api.telegram.org/bot8361106179:AAFFDpQ64Sr8Yiu-ueGXzBPk2jZo36w5g6k/getUpdates "HTTP/1.1 200 OK"
2026-04-21 03:43:19,376 INFO HTTP Request: POST https://api.telegram.org/bot8361106179:AAFFDpQ64Sr8Yiu-ueGXzBPk2jZo36w5g6k/getUpdates "HTTP/1.1 200 OK"
2026-04-21 03:43:30,503 INFO HTTP Request: POST https://api.telegram.org/bot8361106179:AAFFDpQ64Sr8Yiu-ueGXzBPk2jZo36w5g6k/getUpdates "HTTP/1.1 200 OK"
2026-04-21 03:43:37,119 INFO HTTP Request: POST https://api.telegram.org/bot8361106179:AAFFDpQ64Sr8Yiu-ueGXzBPk2jZo36w5g6k/getUpdates "HTTP/1.1 200 OK"
2026-04-21 03:43:37,121 INFO Application is stopping. This might take a moment.
2026-04-21 03:43:37,121 INFO Application.stop() complete
2026-04-21 03:43:37,914 INFO Bot started. Waiting for messages…
2026-04-21 03:43:38,296 INFO HTTP Request: POST https://api.telegram.org/bot8361106179:AAFFDpQ64Sr8Yiu-ueGXzBPk2jZo36w5g6k/getMe "HTTP/1.1 200 OK"
2026-04-21 03:43:38,422 INFO HTTP Request: POST https://api.telegram.org/bot8361106179:AAFFDpQ64Sr8Yiu-ueGXzBPk2jZo36w5g6k/deleteWebhook "HTTP/1.1 200 OK"
2026-04-21 03:43:38,424 INFO Application started
2026-04-21 03:43:48,809 INFO HTTP Request: POST https://api.telegram.org/bot8361106179:AAFFDpQ64Sr8Yiu-ueGXzBPk2jZo36w5g6k/getUpdates "HTTP/1.1 200 OK"
2026-04-21 03:43:58,933 INFO HTTP Request: POST https://api.telegram.org/bot8361106179:AAFFDpQ64Sr8Yiu-ueGXzBPk2jZo36w5g6k/getUpdates "HTTP/1.1 200 OK"
2026-04-21 03:44:09,082 INFO HTTP Request: POST https://api.telegram.org/bot8361106179:AAFFDpQ64Sr8Yiu-ueGXzBPk2jZo36w5g6k/getUpdates "HTTP/1.1 200 OK"
2026-04-21 03:44:19,208 INFO HTTP Request: POST https://api.telegram.org/bot8361106179:AAFFDpQ64Sr8Yiu-ueGXzBPk2jZo36w5g6k/getUpdates "HTTP/1.1 200 OK"
2026-04-21 03:44:29,332 INFO HTTP Request: POST https://api.telegram.org/bot8361106179:AAFFDpQ64Sr8Yiu-ueGXzBPk2jZo36w5g6k/getUpdates "HTTP/1.1 200 OK"
2026-04-21 03:44:39,477 INFO HTTP Request: POST https://api.telegram.org/bot8361106179:AAFFDpQ64Sr8Yiu-ueGXzBPk2jZo36w5g6k/getUpdates "HTTP/1.1 200 OK"
2026-04-21 03:44:49,686 INFO HTTP Request: POST https://api.telegram.org/bot8361106179:AAFFDpQ64Sr8Yiu-ueGXzBPk2jZo36w5g6k/getUpdates "HTTP/1.1 200 OK"
2026-04-21 03:44:59,811 INFO HTTP Request: POST https://api.telegram.org/bot8361106179:AAFFDpQ64Sr8Yiu-ueGXzBPk2jZo36w5g6k/getUpdates "HTTP/1.1 200 OK"
2026-04-21 03:45:09,961 INFO HTTP Request: POST https://api.telegram.org/bot8361106179:AAFFDpQ64Sr8Yiu-ueGXzBPk2jZo36w5g6k/getUpdates "HTTP/1.1 200 OK"
2026-04-21 03:45:20,110 INFO HTTP Request: POST https://api.telegram.org/bot8361106179:AAFFDpQ64Sr8Yiu-ueGXzBPk2jZo36w5g6k/getUpdates "HTTP/1.1 200 OK"
2026-04-21 03:45:30,231 INFO HTTP Request: POST https://api.telegram.org/bot8361106179:AAFFDpQ64Sr8Yiu-ueGXzBPk2jZo36w5g6k/getUpdates "HTTP/1.1 200 OK"
2026-04-21 03:45:40,360 INFO HTTP Request: POST https://api.telegram.org/bot8361106179:AAFFDpQ64Sr8Yiu-ueGXzBPk2jZo36w5g6k/getUpdates "HTTP/1.1 200 OK"
2026-04-21 03:45:50,495 INFO HTTP Request: POST https://api.telegram.org/bot8361106179:AAFFDpQ64Sr8Yiu-ueGXzBPk2jZo36w5g6k/getUpdates "HTTP/1.1 200 OK"
2026-04-21 03:46:00,650 INFO HTTP Request: POST https://api.telegram.org/bot8361106179:AAFFDpQ64Sr8Yiu-ueGXzBPk2jZo36w5g6k/getUpdates "HTTP/1.1 200 OK"
2026-04-21 03:46:10,896 INFO HTTP Request: POST https://api.telegram.org/bot8361106179:AAFFDpQ64Sr8Yiu-ueGXzBPk2jZo36w5g6k/getUpdates "HTTP/1.1 200 OK"
2026-04-21 03:46:21,023 INFO HTTP Request: POST https://api.telegram.org/bot8361106179:AAFFDpQ64Sr8Yiu-ueGXzBPk2jZo36w5g6k/getUpdates "HTTP/1.1 200 OK"
2026-04-21 03:46:31,156 INFO HTTP Request: POST https://api.telegram.org/bot8361106179:AAFFDpQ64Sr8Yiu-ueGXzBPk2jZo36w5g6k/getUpdates "HTTP/1.1 200 OK"
2026-04-21 03:46:41,284 INFO HTTP Request: POST https://api.telegram.org/bot8361106179:AAFFDpQ64Sr8Yiu-ueGXzBPk2jZo36w5g6k/getUpdates "HTTP/1.1 200 OK"
2026-04-21 03:46:51,419 INFO HTTP Request: POST https://api.telegram.org/bot8361106179:AAFFDpQ64Sr8Yiu-ueGXzBPk2jZo36w5g6k/getUpdates "HTTP/1.1 200 OK"
2026-04-21 03:47:01,549 INFO HTTP Request: POST https://api.telegram.org/bot8361106179:AAFFDpQ64Sr8Yiu-ueGXzBPk2jZo36w5g6k/getUpdates "HTTP/1.1 200 OK"
2026-04-21 03:47:11,716 INFO HTTP Request: POST https://api.telegram.org/bot8361106179:AAFFDpQ64Sr8Yiu-ueGXzBPk2jZo36w5g6k/getUpdates "HTTP/1.1 200 OK"
2026-04-21 03:47:22,072 INFO HTTP Request: POST https://api.telegram.org/bot8361106179:AAFFDpQ64Sr8Yiu-ueGXzBPk2jZo36w5g6k/getUpdates "HTTP/1.1 200 OK"
2026-04-21 03:47:32,199 INFO HTTP Request: POST https://api.telegram.org/bot8361106179:AAFFDpQ64Sr8Yiu-ueGXzBPk2jZo36w5g6k/getUpdates "HTTP/1.1 200 OK"
2026-04-21 03:47:42,374 INFO HTTP Request: POST https://api.telegram.org/bot8361106179:AAFFDpQ64Sr8Yiu-ueGXzBPk2jZo36w5g6k/getUpdates "HTTP/1.1 200 OK"
2026-04-21 03:47:52,570 INFO HTTP Request: POST https://api.telegram.org/bot8361106179:AAFFDpQ64Sr8Yiu-ueGXzBPk2jZo36w5g6k/getUpdates "HTTP/1.1 200 OK"
2026-04-21 03:48:02,811 INFO HTTP Request: POST https://api.telegram.org/bot8361106179:AAFFDpQ64Sr8Yiu-ueGXzBPk2jZo36w5g6k/getUpdates "HTTP/1.1 200 OK"
2026-04-21 03:48:12,949 INFO HTTP Request: POST https://api.telegram.org/bot8361106179:AAFFDpQ64Sr8Yiu-ueGXzBPk2jZo36w5g6k/getUpdates "HTTP/1.1 200 OK"
2026-04-21 03:48:23,188 INFO HTTP Request: POST https://api.telegram.org/bot8361106179:AAFFDpQ64Sr8Yiu-ueGXzBPk2jZo36w5g6k/getUpdates "HTTP/1.1 200 OK"
2026-04-21 03:48:33,315 INFO HTTP Request: POST https://api.telegram.org/bot8361106179:AAFFDpQ64Sr8Yiu-ueGXzBPk2jZo36w5g6k/getUpdates "HTTP/1.1 200 OK"
2026-04-21 03:48:43,464 INFO HTTP Request: POST https://api.telegram.org/bot8361106179:AAFFDpQ64Sr8Yiu-ueGXzBPk2jZo36w5g6k/getUpdates "HTTP/1.1 200 OK"
2026-04-21 03:48:53,590 INFO HTTP Request: POST https://api.telegram.org/bot8361106179:AAFFDpQ64Sr8Yiu-ueGXzBPk2jZo36w5g6k/getUpdates "HTTP/1.1 200 OK"
2026-04-21 03:49:03,740 INFO HTTP Request: POST https://api.telegram.org/bot8361106179:AAFFDpQ64Sr8Yiu-ueGXzBPk2jZo36w5g6k/getUpdates "HTTP/1.1 200 OK"
2026-04-21 03:49:13,877 INFO HTTP Request: POST https://api.telegram.org/bot8361106179:AAFFDpQ64Sr8Yiu-ueGXzBPk2jZo36w5g6k/getUpdates "HTTP/1.1 200 OK"
2026-04-21 03:49:24,002 INFO HTTP Request: POST https://api.telegram.org/bot8361106179:AAFFDpQ64Sr8Yiu-ueGXzBPk2jZo36w5g6k/getUpdates "HTTP/1.1 200 OK"
2026-04-21 03:49:34,124 INFO HTTP Request: POST https://api.telegram.org/bot8361106179:AAFFDpQ64Sr8Yiu-ueGXzBPk2jZo36w5g6k/getUpdates "HTTP/1.1 200 OK"
2026-04-21 03:49:44,252 INFO HTTP Request: POST https://api.telegram.org/bot8361106179:AAFFDpQ64Sr8Yiu-ueGXzBPk2jZo36w5g6k/getUpdates "HTTP/1.1 200 OK"
2026-04-21 03:49:54,374 INFO HTTP Request: POST https://api.telegram.org/bot8361106179:AAFFDpQ64Sr8Yiu-ueGXzBPk2jZo36w5g6k/getUpdates "HTTP/1.1 200 OK"
2026-04-21 03:50:04,509 INFO HTTP Request: POST https://api.telegram.org/bot8361106179:AAFFDpQ64Sr8Yiu-ueGXzBPk2jZo36w5g6k/getUpdates "HTTP/1.1 200 OK"
2026-04-21 03:50:14,645 INFO HTTP Request: POST https://api.telegram.org/bot8361106179:AAFFDpQ64Sr8Yiu-ueGXzBPk2jZo36w5g6k/getUpdates "HTTP/1.1 200 OK"
2026-04-21 03:50:24,779 INFO HTTP Request: POST https://api.telegram.org/bot8361106179:AAFFDpQ64Sr8Yiu-ueGXzBPk2jZo36w5g6k/getUpdates "HTTP/1.1 200 OK"
2026-04-21 03:50:36,317 INFO HTTP Request: POST https://api.telegram.org/bot8361106179:AAFFDpQ64Sr8Yiu-ueGXzBPk2jZo36w5g6k/getUpdates "HTTP/1.1 200 OK"
2026-04-21 03:50:46,442 INFO HTTP Request: POST https://api.telegram.org/bot8361106179:AAFFDpQ64Sr8Yiu-ueGXzBPk2jZo36w5g6k/getUpdates "HTTP/1.1 200 OK"
2026-04-21 03:50:56,566 INFO HTTP Request: POST https://api.telegram.org/bot8361106179:AAFFDpQ64Sr8Yiu-ueGXzBPk2jZo36w5g6k/getUpdates "HTTP/1.1 200 OK"
2026-04-21 03:51:06,687 INFO HTTP Request: POST https://api.telegram.org/bot8361106179:AAFFDpQ64Sr8Yiu-ueGXzBPk2jZo36w5g6k/getUpdates "HTTP/1.1 200 OK"
2026-04-21 03:51:16,864 INFO HTTP Request: POST https://api.telegram.org/bot8361106179:AAFFDpQ64Sr8Yiu-ueGXzBPk2jZo36w5g6k/getUpdates "HTTP/1.1 200 OK"
2026-04-21 03:51:25,275 INFO HTTP Request: POST https://api.telegram.org/bot8361106179:AAFFDpQ64Sr8Yiu-ueGXzBPk2jZo36w5g6k/getUpdates "HTTP/1.1 200 OK"
2026-04-21 03:51:25,801 INFO HTTP Request: POST https://api.telegram.org/bot8361106179:AAFFDpQ64Sr8Yiu-ueGXzBPk2jZo36w5g6k/sendMessage "HTTP/1.1 200 OK"
2026-04-21 03:51:28,451 INFO HTTP Request: POST https://api.telegram.org/bot8361106179:AAFFDpQ64Sr8Yiu-ueGXzBPk2jZo36w5g6k/getUpdates "HTTP/1.1 200 OK"
2026-04-21 03:51:28,726 INFO HTTP Request: POST https://api.telegram.org/bot8361106179:AAFFDpQ64Sr8Yiu-ueGXzBPk2jZo36w5g6k/sendMessage "HTTP/1.1 200 OK"
2026-04-21 03:51:38,586 INFO HTTP Request: POST https://api.telegram.org/bot8361106179:AAFFDpQ64Sr8Yiu-ueGXzBPk2jZo36w5g6k/getUpdates "HTTP/1.1 200 OK"
2026-04-21 03:51:48,814 INFO HTTP Request: POST https://api.telegram.org/bot8361106179:AAFFDpQ64Sr8Yiu-ueGXzBPk2jZo36w5g6k/getUpdates "HTTP/1.1 200 OK"
2026-04-21 03:51:58,667 INFO HTTP Request: POST https://api.telegram.org/bot8361106179:AAFFDpQ64Sr8Yiu-ueGXzBPk2jZo36w5g6k/getUpdates "HTTP/1.1 200 OK"
2026-04-21 03:51:58,669 INFO Application is stopping. This might take a moment.
2026-04-21 03:51:58,669 INFO Application.stop() complete
2026-04-21 03:57:02,482 INFO Bot started. Waiting for messages…
2026-04-21 03:57:02,862 INFO HTTP Request: POST https://api.telegram.org/bot8361106179:AAFFDpQ64Sr8Yiu-ueGXzBPk2jZo36w5g6k/getMe "HTTP/1.1 200 OK"
2026-04-21 03:57:02,988 INFO HTTP Request: POST https://api.telegram.org/bot8361106179:AAFFDpQ64Sr8Yiu-ueGXzBPk2jZo36w5g6k/deleteWebhook "HTTP/1.1 200 OK"
2026-04-21 03:57:02,990 INFO Application started
2026-04-21 03:57:13,416 INFO HTTP Request: POST https://api.telegram.org/bot8361106179:AAFFDpQ64Sr8Yiu-ueGXzBPk2jZo36w5g6k/getUpdates "HTTP/1.1 200 OK"
2026-04-21 03:57:23,655 INFO HTTP Request: POST https://api.telegram.org/bot8361106179:AAFFDpQ64Sr8Yiu-ueGXzBPk2jZo36w5g6k/getUpdates "HTTP/1.1 200 OK"
2026-04-21 03:57:33,787 INFO HTTP Request: POST https://api.telegram.org/bot8361106179:AAFFDpQ64Sr8Yiu-ueGXzBPk2jZo36w5g6k/getUpdates "HTTP/1.1 200 OK"
2026-04-21 03:57:43,931 INFO HTTP Request: POST https://api.telegram.org/bot8361106179:AAFFDpQ64Sr8Yiu-ueGXzBPk2jZo36w5g6k/getUpdates "HTTP/1.1 200 OK"
2026-04-21 03:57:54,069 INFO HTTP Request: POST https://api.telegram.org/bot8361106179:AAFFDpQ64Sr8Yiu-ueGXzBPk2jZo36w5g6k/getUpdates "HTTP/1.1 200 OK"
2026-04-21 03:58:04,206 INFO HTTP Request: POST https://api.telegram.org/bot8361106179:AAFFDpQ64Sr8Yiu-ueGXzBPk2jZo36w5g6k/getUpdates "HTTP/1.1 200 OK"
2026-04-21 03:58:14,330 INFO HTTP Request: POST https://api.telegram.org/bot8361106179:AAFFDpQ64Sr8Yiu-ueGXzBPk2jZo36w5g6k/getUpdates "HTTP/1.1 200 OK"
2026-04-21 03:58:24,455 INFO HTTP Request: POST https://api.telegram.org/bot8361106179:AAFFDpQ64Sr8Yiu-ueGXzBPk2jZo36w5g6k/getUpdates "HTTP/1.1 200 OK"
2026-04-21 03:58:34,582 INFO HTTP Request: POST https://api.telegram.org/bot8361106179:AAFFDpQ64Sr8Yiu-ueGXzBPk2jZo36w5g6k/getUpdates "HTTP/1.1 200 OK"
2026-04-21 03:58:44,714 INFO HTTP Request: POST https://api.telegram.org/bot8361106179:AAFFDpQ64Sr8Yiu-ueGXzBPk2jZo36w5g6k/getUpdates "HTTP/1.1 200 OK"
2026-04-21 03:58:54,840 INFO HTTP Request: POST https://api.telegram.org/bot8361106179:AAFFDpQ64Sr8Yiu-ueGXzBPk2jZo36w5g6k/getUpdates "HTTP/1.1 200 OK"
2026-04-21 03:59:05,035 INFO HTTP Request: POST https://api.telegram.org/bot8361106179:AAFFDpQ64Sr8Yiu-ueGXzBPk2jZo36w5g6k/getUpdates "HTTP/1.1 200 OK"
2026-04-21 03:59:15,169 INFO HTTP Request: POST https://api.telegram.org/bot8361106179:AAFFDpQ64Sr8Yiu-ueGXzBPk2jZo36w5g6k/getUpdates "HTTP/1.1 200 OK"
2026-04-21 03:59:25,307 INFO HTTP Request: POST https://api.telegram.org/bot8361106179:AAFFDpQ64Sr8Yiu-ueGXzBPk2jZo36w5g6k/getUpdates "HTTP/1.1 200 OK"
2026-04-21 03:59:35,438 INFO HTTP Request: POST https://api.telegram.org/bot8361106179:AAFFDpQ64Sr8Yiu-ueGXzBPk2jZo36w5g6k/getUpdates "HTTP/1.1 200 OK"
2026-04-21 03:59:45,584 INFO HTTP Request: POST https://api.telegram.org/bot8361106179:AAFFDpQ64Sr8Yiu-ueGXzBPk2jZo36w5g6k/getUpdates "HTTP/1.1 200 OK"
2026-04-21 03:59:55,720 INFO HTTP Request: POST https://api.telegram.org/bot8361106179:AAFFDpQ64Sr8Yiu-ueGXzBPk2jZo36w5g6k/getUpdates "HTTP/1.1 200 OK"
2026-04-21 04:00:05,852 INFO HTTP Request: POST https://api.telegram.org/bot8361106179:AAFFDpQ64Sr8Yiu-ueGXzBPk2jZo36w5g6k/getUpdates "HTTP/1.1 200 OK"
2026-04-21 04:00:15,997 INFO HTTP Request: POST https://api.telegram.org/bot8361106179:AAFFDpQ64Sr8Yiu-ueGXzBPk2jZo36w5g6k/getUpdates "HTTP/1.1 200 OK"
2026-04-21 04:00:26,123 INFO HTTP Request: POST https://api.telegram.org/bot8361106179:AAFFDpQ64Sr8Yiu-ueGXzBPk2jZo36w5g6k/getUpdates "HTTP/1.1 200 OK"
2026-04-21 04:00:36,247 INFO HTTP Request: POST https://api.telegram.org/bot8361106179:AAFFDpQ64Sr8Yiu-ueGXzBPk2jZo36w5g6k/getUpdates "HTTP/1.1 200 OK"
2026-04-21 04:00:46,408 INFO HTTP Request: POST https://api.telegram.org/bot8361106179:AAFFDpQ64Sr8Yiu-ueGXzBPk2jZo36w5g6k/getUpdates "HTTP/1.1 200 OK"
2026-04-21 04:00:56,540 INFO HTTP Request: POST https://api.telegram.org/bot8361106179:AAFFDpQ64Sr8Yiu-ueGXzBPk2jZo36w5g6k/getUpdates "HTTP/1.1 200 OK"
2026-04-21 04:01:06,685 INFO HTTP Request: POST https://api.telegram.org/bot8361106179:AAFFDpQ64Sr8Yiu-ueGXzBPk2jZo36w5g6k/getUpdates "HTTP/1.1 200 OK"
2026-04-21 04:01:16,810 INFO HTTP Request: POST https://api.telegram.org/bot8361106179:AAFFDpQ64Sr8Yiu-ueGXzBPk2jZo36w5g6k/getUpdates "HTTP/1.1 200 OK"
2026-04-21 04:01:42,250 INFO HTTP Request: POST https://api.telegram.org/bot8361106179:AAFFDpQ64Sr8Yiu-ueGXzBPk2jZo36w5g6k/getUpdates "HTTP/1.1 200 OK"
2026-04-21 04:01:52,465 INFO HTTP Request: POST https://api.telegram.org/bot8361106179:AAFFDpQ64Sr8Yiu-ueGXzBPk2jZo36w5g6k/getUpdates "HTTP/1.1 200 OK"
2026-04-21 04:02:02,699 INFO HTTP Request: POST https://api.telegram.org/bot8361106179:AAFFDpQ64Sr8Yiu-ueGXzBPk2jZo36w5g6k/getUpdates "HTTP/1.1 200 OK"
2026-04-21 04:02:06,871 INFO HTTP Request: POST https://api.telegram.org/bot8361106179:AAFFDpQ64Sr8Yiu-ueGXzBPk2jZo36w5g6k/getUpdates "HTTP/1.1 200 OK"
2026-04-21 04:02:06,872 INFO Application is stopping. This might take a moment.
2026-04-21 04:02:06,873 INFO Application.stop() complete
2026-04-21 04:04:32,407 INFO Bot started.
2026-04-21 04:04:32,838 INFO HTTP Request: POST https://api.telegram.org/bot8361106179:AAFFDpQ64Sr8Yiu-ueGXzBPk2jZo36w5g6k/getMe "HTTP/1.1 200 OK"
2026-04-21 04:04:32,968 INFO HTTP Request: POST https://api.telegram.org/bot8361106179:AAFFDpQ64Sr8Yiu-ueGXzBPk2jZo36w5g6k/deleteWebhook "HTTP/1.1 200 OK"
2026-04-21 04:04:32,970 INFO Application started
2026-04-21 04:04:43,363 INFO HTTP Request: POST https://api.telegram.org/bot8361106179:AAFFDpQ64Sr8Yiu-ueGXzBPk2jZo36w5g6k/getUpdates "HTTP/1.1 200 OK"
2026-04-21 04:04:53,506 INFO HTTP Request: POST https://api.telegram.org/bot8361106179:AAFFDpQ64Sr8Yiu-ueGXzBPk2jZo36w5g6k/getUpdates "HTTP/1.1 200 OK"
2026-04-21 04:05:03,634 INFO HTTP Request: POST https://api.telegram.org/bot8361106179:AAFFDpQ64Sr8Yiu-ueGXzBPk2jZo36w5g6k/getUpdates "HTTP/1.1 200 OK"
2026-04-21 04:05:13,777 INFO HTTP Request: POST https://api.telegram.org/bot8361106179:AAFFDpQ64Sr8Yiu-ueGXzBPk2jZo36w5g6k/getUpdates "HTTP/1.1 200 OK"
2026-04-21 04:05:23,913 INFO HTTP Request: POST https://api.telegram.org/bot8361106179:AAFFDpQ64Sr8Yiu-ueGXzBPk2jZo36w5g6k/getUpdates "HTTP/1.1 200 OK"
2026-04-21 04:05:34,045 INFO HTTP Request: POST https://api.telegram.org/bot8361106179:AAFFDpQ64Sr8Yiu-ueGXzBPk2jZo36w5g6k/getUpdates "HTTP/1.1 200 OK"
2026-04-21 04:05:44,196 INFO HTTP Request: POST https://api.telegram.org/bot8361106179:AAFFDpQ64Sr8Yiu-ueGXzBPk2jZo36w5g6k/getUpdates "HTTP/1.1 200 OK"
2026-04-21 04:05:54,429 INFO HTTP Request: POST https://api.telegram.org/bot8361106179:AAFFDpQ64Sr8Yiu-ueGXzBPk2jZo36w5g6k/getUpdates "HTTP/1.1 200 OK"
2026-04-21 04:06:04,560 INFO HTTP Request: POST https://api.telegram.org/bot8361106179:AAFFDpQ64Sr8Yiu-ueGXzBPk2jZo36w5g6k/getUpdates "HTTP/1.1 200 OK"
2026-04-21 04:06:14,704 INFO HTTP Request: POST https://api.telegram.org/bot8361106179:AAFFDpQ64Sr8Yiu-ueGXzBPk2jZo36w5g6k/getUpdates "HTTP/1.1 200 OK"
2026-04-21 04:06:24,829 INFO HTTP Request: POST https://api.telegram.org/bot8361106179:AAFFDpQ64Sr8Yiu-ueGXzBPk2jZo36w5g6k/getUpdates "HTTP/1.1 200 OK"
2026-04-21 04:06:31,520 INFO HTTP Request: POST https://api.telegram.org/bot8361106179:AAFFDpQ64Sr8Yiu-ueGXzBPk2jZo36w5g6k/getUpdates "HTTP/1.1 200 OK"
2026-04-21 04:06:31,521 INFO Application is stopping. This might take a moment.
2026-04-21 04:06:31,521 INFO Application.stop() complete
2026-04-21 04:06:32,380 INFO Bot started.
2026-04-21 04:06:32,805 INFO HTTP Request: POST https://api.telegram.org/bot8361106179:AAFFDpQ64Sr8Yiu-ueGXzBPk2jZo36w5g6k/getMe "HTTP/1.1 200 OK"
2026-04-21 04:06:32,934 INFO HTTP Request: POST https://api.telegram.org/bot8361106179:AAFFDpQ64Sr8Yiu-ueGXzBPk2jZo36w5g6k/deleteWebhook "HTTP/1.1 200 OK"
2026-04-21 04:06:32,936 INFO Application started
2026-04-21 04:06:43,377 INFO HTTP Request: POST https://api.telegram.org/bot8361106179:AAFFDpQ64Sr8Yiu-ueGXzBPk2jZo36w5g6k/getUpdates "HTTP/1.1 200 OK"
2026-04-21 04:06:53,499 INFO HTTP Request: POST https://api.telegram.org/bot8361106179:AAFFDpQ64Sr8Yiu-ueGXzBPk2jZo36w5g6k/getUpdates "HTTP/1.1 200 OK"
2026-04-21 04:07:01,752 INFO HTTP Request: POST https://api.telegram.org/bot8361106179:AAFFDpQ64Sr8Yiu-ueGXzBPk2jZo36w5g6k/getUpdates "HTTP/1.1 200 OK"
2026-04-21 04:07:01,753 INFO Application is stopping. This might take a moment.
2026-04-21 04:07:01,753 INFO Application.stop() complete
