━━━━━━━━━━━━━━━━━━━━━━━━━━━━━━━━━━━━━━━━━━━━━━━━━━━
  Charlotte On The Run  ·  Wed Apr 22 00:13 EDT
━━━━━━━━━━━━━━━━━━━━━━━━━━━━━━━━━━━━━━━━━━━━━━━━━━━

▸ [1/2]  COTC RSS  →  events.db
─────────────────────────────────────────────────────
Delta run — fetching items since 2026-04-22 00:31 UTC
Fetching https://www.charlotteonthecheap.com/feed/…
  100 total entries in feed
  0 new items since cutoff
Nothing new. Done.

▸ [2/2]  AI daily guide  →  daily_guide_data.js + events_data.js
─────────────────────────────────────────────────────
Charlotte On The Run — Daily Guide (JSON cards)
Today: Wednesday April 22, 2026  |  Tomorrow: Thursday April 23, 2026

  Fetching Budget Events…
    ✓ 29 total cards | 0 sources
  Fetching Premium Events…
    ⚠ Malformed JSON — attempting repair…
    ✓ 0 total cards | 0 sources
  Added 20 staple activities.
  Removed 1 duplicate activities.

Saved → /Users/aadimacmini/Documents/Charlotte-on-the-Run/docs/daily_guide.json
Saved → /Users/aadimacmini/Documents/Charlotte-on-the-Run/docs/daily_guide_data.js

Total activity cards: 48
  📍 Staples      20 cards (today=10, tomorrow=10)
  🆓 Free         16 cards (today=8, tomorrow=8)
  💵 Under $20    12 cards (today=6, tomorrow=6)

Exporting events_data.js…

Pushing to GitHub…
  Git: pushed.

Done.

━━━ Done ━━━
